<?xml version="1.0" encoding="UTF-8"?>
<!-- Generated by org.testng.reporters.JUnitReportReporter -->
<testsuite hostname="user13" failures="0" tests="4" name="TestScripts.PlaceOrderTest" time="1.244" errors="0" timestamp="2024-11-13T13:36:09 IST" skipped="0">
  <testcase classname="TestScripts.PlaceOrderTest" name="AddItemTest" time="0.422"/>
  <system-out/>
  <testcase classname="TestScripts.PlaceOrderTest" name="checkingItems" time="0.137"/>
  <system-out/>
  <testcase classname="TestScripts.PlaceOrderTest" name="continuetest" time="0.557"/>
  <system-out/>
  <testcase classname="TestScripts.PlaceOrderTest" name="finishtest" time="0.128"/>
  <system-out/>
</testsuite> <!-- TestScripts.PlaceOrderTest -->
